This is pdfTeX, Version 3.1415926-2.3-1.40.12 (MiKTeX 2.9) (preloaded format=pdflatex 2014.11.17)  13 FEB 2015 08:30
entering extended mode
**C:/20141206*succeed*in*IJCAI2015/223*ASP/src_simplifying_IJCAI15_20150213_Hai
/ijcai15_simplifying.tex

("C:/20141206 succeed in IJCAI2015/223 ASP/src_simplifying_IJCAI15_20150213_Hai
/ijcai15_simplifying.tex"
LaTeX2e <2011/06/27>
Babel <v3.8m> and hyphenation patterns for loaded.
(C:\CTEX\MiKTeX\tex\latex\base\article.cls
Document Class: article 2007/10/19 v1.4h Standard LaTeX document class
(C:\CTEX\MiKTeX\tex\latex\base\size10.clo
File: size10.clo 2007/10/19 v1.4h Standard LaTeX file (size option)
)
\c@part=\count79
\c@section=\count80
\c@subsection=\count81
\c@subsubsection=\count82
\c@paragraph=\count83
\c@subparagraph=\count84
\c@figure=\count85
\c@table=\count86
\abovecaptionskip=\skip41
\belowcaptionskip=\skip42
\bibindent=\dimen102
)
("C:\20141206 succeed in IJCAI2015\223 ASP\src_simplifying_IJCAI15_20150213_Hai
\ijcai15.sty"
Conference Style, version of 6 September 1995 (revised Nov 2010)
\titlebox=\skip43
Named Citation Style, version of 30 November 1994
) (C:\CTEX\MiKTeX\tex\latex\psnfss\times.sty
Package: times 2005/04/12 PSNFSS-v9.2a (SPQR) 
)
(C:\CTEX\MiKTeX\tex\latex\tools\verbatim.sty
Package: verbatim 2003/08/22 v1.5q LaTeX2e package for verbatim enhancements
\every@verbatim=\toks14
\verbatim@line=\toks15
\verbatim@in@stream=\read1
)
(C:\CTEX\MiKTeX\tex\latex\amsfonts\amssymb.sty
Package: amssymb 2009/06/22 v3.00

(C:\CTEX\MiKTeX\tex\latex\amsfonts\amsfonts.sty
Package: amsfonts 2009/06/22 v3.00 Basic AMSFonts support
\@emptytoks=\toks16
\symAMSa=\mathgroup4
\symAMSb=\mathgroup5
LaTeX Font Info:    Overwriting math alphabet `\mathfrak' in version `bold'
(Font)                  U/euf/m/n --> U/euf/b/n on input line 96.
))
(C:\CTEX\UserData\tex\latex\amsmath\amsmath.sty
Package: amsmath 2013/01/14 v2.14 AMS math features
\@mathmargin=\skip44

For additional information on amsmath, use the `?' option.
(C:\CTEX\UserData\tex\latex\amsmath\amstext.sty
Package: amstext 2000/06/29 v2.01

(C:\CTEX\UserData\tex\latex\amsmath\amsgen.sty
File: amsgen.sty 1999/11/30 v2.0
\@emptytoks=\toks17
\ex@=\dimen103
))
(C:\CTEX\UserData\tex\latex\amsmath\amsbsy.sty
Package: amsbsy 1999/11/29 v1.2d
\pmbraise@=\dimen104
)
(C:\CTEX\UserData\tex\latex\amsmath\amsopn.sty
Package: amsopn 1999/12/14 v2.01 operator names
)
\inf@bad=\count87
LaTeX Info: Redefining \frac on input line 210.
\uproot@=\count88
\leftroot@=\count89
LaTeX Info: Redefining \overline on input line 306.
\classnum@=\count90
\DOTSCASE@=\count91
LaTeX Info: Redefining \ldots on input line 378.
LaTeX Info: Redefining \dots on input line 381.
LaTeX Info: Redefining \cdots on input line 466.
\Mathstrutbox@=\box26
\strutbox@=\box27
\big@size=\dimen105
LaTeX Font Info:    Redeclaring font encoding OML on input line 566.
LaTeX Font Info:    Redeclaring font encoding OMS on input line 567.
\macc@depth=\count92
\c@MaxMatrixCols=\count93
\dotsspace@=\muskip10
\c@parentequation=\count94
\dspbrk@lvl=\count95
\tag@help=\toks18
\row@=\count96
\column@=\count97
\maxfields@=\count98
\andhelp@=\toks19
\eqnshift@=\dimen106
\alignsep@=\dimen107
\tagshift@=\dimen108
\tagwidth@=\dimen109
\totwidth@=\dimen110
\lineht@=\dimen111
\@envbody=\toks20
\multlinegap=\skip45
\multlinetaggap=\skip46
\mathdisplay@stack=\toks21
LaTeX Info: Redefining \[ on input line 2665.
LaTeX Info: Redefining \] on input line 2666.
)
(C:\CTEX\MiKTeX\tex\latex\algorithm2e\algorithm2e.sty
Package: algorithm2e 2008/00/00 v3.10 algorithms environments
\c@AlgoLine=\count99

(C:\CTEX\MiKTeX\tex\latex\base\ifthen.sty
Package: ifthen 2001/05/26 v1.1c Standard LaTeX ifthen package (DPC)
)
(C:\CTEX\MiKTeX\tex\latex\tools\xspace.sty
Package: xspace 2009/10/20 v1.13 Space after command names (DPC,MH)
)
(C:\CTEX\MiKTeX\tex\latex\ltxmisc\relsize.sty
Package: relsize 2003/07/04 ver 3.1


Package relsize Warning: Failed to get list of font sizes.
(relsize)                Falling back to old definition. on input line 81.

) (C:\CTEX\MiKTeX\tex\latex\graphics\color.sty
Package: color 2005/11/14 v1.0j Standard LaTeX Color (DPC)

(C:\CTEX\MiKTeX\tex\latex\00miktex\color.cfg
File: color.cfg 2007/01/18 v1.5 color configuration of teTeX/TeXLive
)
Package color Info: Driver file: pdftex.def on input line 130.

(C:\CTEX\MiKTeX\tex\latex\pdftex-def\pdftex.def
File: pdftex.def 2011/05/27 v0.06d Graphics/color for pdfTeX

(C:\CTEX\MiKTeX\tex\generic\oberdiek\infwarerr.sty
Package: infwarerr 2010/04/08 v1.3 Providing info/warning/message (HO)
)
(C:\CTEX\MiKTeX\tex\generic\oberdiek\ltxcmds.sty
Package: ltxcmds 2011/04/18 v1.20 LaTeX kernel commands for general use (HO)
)
\Gread@gobject=\count100
))
********************************************************
Package `algorithm2e' Release 4.01 -- december 14 2009 --
- algorithm2e-announce@lirmm.fr mailing list for announcement about releases
- algorithm2e-discussion@lirmm.fr mailing list for discussion about package
subscribe by emailing sympa@lirmm.fr with 'subscribe <list> <firstname name>'
- Author: Christophe Fiorio (fiorio@lirmm.fr)
********************************************************
\skiptotal=\skip47
\skiplinenumber=\skip48
\skiprule=\skip49
\skiphlne=\skip50
\skiptext=\skip51
\skiplength=\skip52
\algomargin=\skip53
\skipalgocfslide=\skip54
\algowidth=\dimen112
\inoutsize=\dimen113
\inoutline=\dimen114
\interspacetitleruled=\dimen115
\interspacealgoruled=\dimen116
\interspacetitleboxruled=\dimen117
\algocf@inoutbox=\box28
\algocf@inputbox=\box29
\AlCapSkip=\skip55
\AlCapHSkip=\skip56
\algocf@nlbox=\box30
\algocf@hangingbox=\box31
\algocf@capbox=\box32
\algoheightruledefault=\skip57
\algoheightrule=\skip58
\algotitleheightruledefault=\skip59
\algotitleheightrule=\skip60
\c@algocfline=\count101
\c@algocfproc=\count102
\c@algocf=\count103
\algocf@algoframe=\box33
\algocf@algobox=\box34
) (C:\CTEX\MiKTeX\tex\latex\tools\enumerate.sty
Package: enumerate 1999/03/05 v3.00 enumerate extensions (DPC)
\@enLab=\toks22
)
(C:\CTEX\MiKTeX\tex\generic\babel\babel.sty
Package: babel 2008/07/08 v3.8m The Babel package

*************************************
* Local config file bblopts.cfg used
*
(C:\CTEX\MiKTeX\tex\latex\00miktex\bblopts.cfg
File: bblopts.cfg 2006/07/31 v1.0 MiKTeX 'babel' configuration
)
(C:\CTEX\UserData\tex\latex\babel-english\english.ldf
Language: english 2012/08/20 v3.3p English support from the babel system

(C:\CTEX\MiKTeX\tex\generic\babel\babel.def
File: babel.def 2008/07/08 v3.8m Babel common definitions
\babel@savecnt=\count104
\U@D=\dimen118
)
\l@british = a dialect from \language0
\l@UKenglish = a dialect from \language0
\l@american = a dialect from \language0
\l@canadian = a dialect from \language\l@american 
\l@australian = a dialect from \language\l@british 
\l@newzealand = a dialect from \language\l@british 
))
(C:\CTEX\MiKTeX\tex\latex\multirow\multirow.sty
\bigstrutjot=\dimen119
)
\c@theorem=\count105
\c@proposition=\count106
\c@example=\count107
\c@lemma=\count108
\c@definition=\count109

("C:\20141206 succeed in IJCAI2015\223 ASP\src_simplifying_IJCAI15_20150213_Hai
\ijcai15_simplifying.aux")
LaTeX Font Info:    Checking defaults for OML/cmm/m/it on input line 143.
LaTeX Font Info:    ... okay on input line 143.
LaTeX Font Info:    Checking defaults for T1/cmr/m/n on input line 143.
LaTeX Font Info:    ... okay on input line 143.
LaTeX Font Info:    Checking defaults for OT1/cmr/m/n on input line 143.
LaTeX Font Info:    ... okay on input line 143.
LaTeX Font Info:    Checking defaults for OMS/cmsy/m/n on input line 143.
LaTeX Font Info:    ... okay on input line 143.
LaTeX Font Info:    Checking defaults for OMX/cmex/m/n on input line 143.
LaTeX Font Info:    ... okay on input line 143.
LaTeX Font Info:    Checking defaults for U/cmr/m/n on input line 143.
LaTeX Font Info:    ... okay on input line 143.
LaTeX Font Info:    Try loading font information for OT1+ptm on input line 143.

 (C:\CTEX\MiKTeX\tex\latex\psnfss\ot1ptm.fd
File: ot1ptm.fd 2001/06/04 font definitions for OT1/ptm.
)
(C:\CTEX\MiKTeX\tex\context\base\supp-pdf.mkii
[Loading MPS to PDF converter (version 2006.09.02).]
\scratchcounter=\count110
\scratchdimen=\dimen120
\scratchbox=\box35
\nofMPsegments=\count111
\nofMParguments=\count112
\everyMPshowfont=\toks23
\MPscratchCnt=\count113
\MPscratchDim=\dimen121
\MPnumerator=\count114
\makeMPintoPDFobject=\count115
\everyMPtoPDFconversion=\toks24
)
LaTeX Font Info:    Font shape `OT1/ptm/bx/n' in size <14.4> not available
(Font)              Font shape `OT1/ptm/b/n' tried instead on input line 145.
LaTeX Font Info:    Try loading font information for U+msa on input line 145.
 (C:\CTEX\MiKTeX\tex\latex\amsfonts\umsa.fd
File: umsa.fd 2009/06/22 v3.00 AMS symbols A
)
LaTeX Font Info:    Try loading font information for U+msb on input line 145.

(C:\CTEX\MiKTeX\tex\latex\amsfonts\umsb.fd
File: umsb.fd 2009/06/22 v3.00 AMS symbols B
)
LaTeX Font Info:    Font shape `OT1/ptm/bx/n' in size <12> not available
(Font)              Font shape `OT1/ptm/b/n' tried instead on input line 145.

Underfull \hbox (badness 1430) in paragraph at lines 149--157
\OT1/ptm/m/n/10 of an-swer set pro-gram-ming (ASP) solvers for
 []


Underfull \hbox (badness 1831) in paragraph at lines 149--157
\OT1/ptm/m/n/10 sim-pli-fy-ing logic pro-grams. In this pa-per, we
 []


Underfull \hbox (badness 1038) in paragraph at lines 149--157
\OT1/ptm/m/n/10 ex-tend the no-tion of well-founded mod-els and
 []


Underfull \hbox (badness 1270) in paragraph at lines 149--157
\OT1/ptm/m/n/10 con-di-tions, which re-sults a suf-fi-cient con-di-tion
 []

LaTeX Font Info:    Try loading font information for OMS+ptm on input line 173.

(C:\CTEX\MiKTeX\tex\latex\psnfss\omsptm.fd
File: omsptm.fd 
)
LaTeX Font Info:    Font shape `OMS/ptm/m/n' in size <10> not available
(Font)              Font shape `OMS/cmsy/m/n' tried instead on input line 173.
 [1{C:/CTEX/UserData/pdftex/config/pdftex.map{Unicode.sfd}{UGBK.sfd}}



]
LaTeX Font Info:    Font shape `OT1/ptm/bx/n' in size <10.95> not available
(Font)              Font shape `OT1/ptm/b/n' tried instead on input line 226.
LaTeX Font Info:    Font shape `OT1/ptm/bx/n' in size <10> not available
(Font)              Font shape `OT1/ptm/b/n' tried instead on input line 242.
LaTeX Font Info:    Font shape `OMS/ptm/m/it' in size <10> not available
(Font)              Font shape `OMS/cmsy/m/n' tried instead on input line 244.

Underfull \hbox (badness 10000) in paragraph at lines 274--275
[]
 []

[2]
Underfull \hbox (badness 1033) in paragraph at lines 339--342
\OT1/ptm/m/n/10 with $\OML/cmm/m/it/10 p \OMS/cmsy/m/n/10 2 \OML/cmm/m/it/10 L$
 \OT1/ptm/m/n/10 by a rule $\OML/cmm/m/it/10 r[]$ \OT1/ptm/m/n/10 such that $\O
ML/cmm/m/it/10 head\OT1/cmr/m/n/10 (\OML/cmm/m/it/10 r[]\OT1/cmr/m/n/10 ) =$
 []


Underfull \hbox (badness 1888) in paragraph at lines 382--383
[]\OT1/ptm/m/it/10 An an-swer set of $\OML/cmm/m/it/10 P$ \OT1/ptm/m/it/10 is a
l-ways an an-swer set of
 []


Underfull \hbox (badness 10000) in paragraph at lines 385--389

 []


Underfull \hbox (badness 2189) in paragraph at lines 401--403
\OT1/ptm/m/it/10 The only an-swer set of $\OML/cmm/m/it/10 P[]$ \OT1/ptm/m/it/1
0 is $[]$. How-ever,
 []


Underfull \hbox (badness 10000) in paragraph at lines 547--550

 []


Underfull \hbox (badness 10000) in paragraph at lines 562--564

 []


Underfull \hbox (badness 10000) in paragraph at lines 584--587

 []

[3]
Underfull \hbox (badness 2538) in paragraph at lines 604--607
\OT1/ptm/b/n/10 Proof Sketch: $\OMS/cmsy/m/n/10 ($\OT1/ptm/m/n/10 : From Propo-
si-tion 7[], for ev-ery $\OML/cmm/m/it/10 U$\OT1/ptm/m/n/10 -
 []


Underfull \hbox (badness 10000) in paragraph at lines 608--610

 []


Underfull \hbox (badness 10000) in paragraph at lines 652--654

 []


Underfull \hbox (badness 10000) in paragraph at lines 680--683

 []


Underfull \hbox (badness 10000) in paragraph at lines 689--693

 []

[4]
Underfull \hbox (badness 10000) in paragraph at lines 755--766

 []


Underfull \hbox (badness 10000) in paragraph at lines 797--801

 []


Underfull \hbox (badness 7722) in paragraph at lines 829--831
[]\OT1/ptm/m/n/10 In the proof of Propo-si-tion 10[], the set $\OML/cmm/m/it/10
 U \OT1/cmr/m/n/10 =$
 []


Underfull \hbox (badness 10000) in paragraph at lines 829--831

 []


Underfull \hbox (badness 10000) in paragraph at lines 871--875

 []

[5]
LaTeX Font Info:    Font shape `OT1/ptm/bx/n' in size <9> not available
(Font)              Font shape `OT1/ptm/b/n' tried instead on input line 908.
LaTeX Font Info:    Font shape `OT1/ptm/bx/it' in size <10> not available
(Font)              Font shape `OT1/ptm/b/it' tried instead on input line 916.

Underfull \hbox (badness 2717) in paragraph at lines 925--928
\OT1/ptm/b/n/10 Proof Sketch: \OT1/ptm/m/n/10 The proof is sim-i-lar to the pro
of for
 []


Underfull \hbox (badness 10000) in paragraph at lines 925--928
\OT1/ptm/m/n/10 Propo-si-tion 18[]. Ad-di-tion-ally with the fact that, if
 []


Underfull \hbox (badness 10000) in paragraph at lines 925--928

 []


("C:\20141206 succeed in IJCAI2015\223 ASP\src_simplifying_IJCAI15_20150213_Hai
\ijcai15_simplifying.bbl"
Underfull \hbox (badness 10000) in paragraph at lines 5--9
[]\OT1/ptm/m/n/10 Xiaoping Chen, Jian-min Ji, and
 []

[6]
Underfull \hbox (badness 10000) in paragraph at lines 18--24
[]\OT1/ptm/m/n/10 Marc De-necker, Joost Ven-
 []


Underfull \hbox (badness 1163) in paragraph at lines 18--24
\OT1/ptm/m/n/10 nekens, Stephen Bond, Mar-tin Geb-ser, and Miros law
 []


Underfull \hbox (badness 1389) in paragraph at lines 18--24
\OT1/ptm/m/n/10 Truszczy[]nski.  The sec-ond an-swer set pro-gram-ming
 []


Underfull \hbox (badness 10000) in paragraph at lines 66--69
[]\OT1/ptm/m/n/10 Michael Gel-fond and
 []


Underfull \hbox (badness 1077) in paragraph at lines 66--69
\OT1/ptm/m/n/10 Vladimir Lif-s-chitz.  Clas-si-cal nega-tion in logic pro-
 []


Underfull \hbox (badness 3323) in paragraph at lines 66--69
\OT1/ptm/m/n/10 grams and dis-junc-tive databases.  \OT1/ptm/m/it/10 New gen-er
-a-tion
 []


Underfull \hbox (badness 4303) in paragraph at lines 78--82
[]\OT1/ptm/m/n/10 Nicola Leone, Pasquale Rullo, and
 []


Underfull \hbox (badness 1348) in paragraph at lines 85--91
\OT1/ptm/m/n/10 Georg Got-t-lob, Gio-vam-bat-tista Ianni, Giuseppe Ielpa,
 []


Underfull \hbox (badness 10000) in paragraph at lines 94--100
[]\OT1/ptm/m/n/10 Yuliya Lier-ler and Marco
 []


Underfull \hbox (badness 1412) in paragraph at lines 94--100
\OT1/ptm/m/it/10 In-ter-na-tional Con-fer-ence on Logic Pro-gram-ming and
 []


Underfull \hbox (badness 3098) in paragraph at lines 103--107
[]\OT1/ptm/m/n/10 Vladimir Lif-s-chitz, David Pearce,
 []


Underfull \hbox (badness 1502) in paragraph at lines 103--107
\OT1/ptm/m/n/10 grams.  \OT1/ptm/m/it/10 ACM Trans-ac-tions on Com-pu-ta-tional
 Logic
 []


Underfull \hbox (badness 1748) in paragraph at lines 123--128
[]\OT1/ptm/m/n/10 Tommi Syrj[]anen and Ilkka
 []


Underfull \hbox (badness 1072) in paragraph at lines 123--128
\OT1/ptm/m/n/10 Niemel[]a.  The smod-els sys-tem.  In \OT1/ptm/m/it/10 Pro-ceed
-ings of
 []

) [7]
("C:\20141206 succeed in IJCAI2015\223 ASP\src_simplifying_IJCAI15_20150213_Hai
\ijcai15_simplifying.aux") ) 
Here is how much of TeX's memory you used:
 3615 strings out of 495354
 45053 string characters out of 3183858
 145210 words of memory out of 3000000
 6731 multiletter control sequences out of 15000+200000
 32436 words of font info for 74 fonts, out of 3000000 for 9000
 14 hyphenation exceptions out of 8191
 28i,15n,27p,634b,435s stack positions out of 5000i,500n,10000p,200000b,50000s
{C:/CTEX/MiKTeX/fonts/enc/dvips/fontname/8r.enc}<C:
/CTEX/MiKTeX/fonts/type1/public/amsfonts/cm/cmex10.pfb><C:/CTEX/MiKTeX/fonts/ty
pe1/public/amsfonts/cm/cmmi10.pfb><C:/CTEX/MiKTeX/fonts/type1/public/amsfonts/c
m/cmmi7.pfb><C:/CTEX/MiKTeX/fonts/type1/public/amsfonts/cm/cmr10.pfb><C:/CTEX/M
iKTeX/fonts/type1/public/amsfonts/cm/cmr5.pfb><C:/CTEX/MiKTeX/fonts/type1/publi
c/amsfonts/cm/cmr7.pfb><C:/CTEX/MiKTeX/fonts/type1/public/amsfonts/cm/cmsy10.pf
b><C:/CTEX/MiKTeX/fonts/type1/public/amsfonts/cm/cmsy5.pfb><C:/CTEX/MiKTeX/font
s/type1/public/amsfonts/cm/cmsy7.pfb><C:/CTEX/MiKTeX/fonts/type1/urw/times/utmb
8a.pfb><C:/CTEX/MiKTeX/fonts/type1/urw/times/utmbi8a.pfb><C:/CTEX/MiKTeX/fonts/
type1/urw/times/utmr8a.pfb><C:/CTEX/MiKTeX/fonts/type1/urw/times/utmri8a.pfb>
Output written on ijcai15_simplifying.pdf (7 pages, 200514 bytes).
PDF statistics:
 79 PDF objects out of 1000 (max. 8388607)
 0 named destinations out of 1000 (max. 500000)
 1 words of extra memory for PDF output out of 10000 (max. 10000000)

